<?xml version="1.0" encoding="UTF-8"?>
<testng-results skipped="0" failed="0" ignored="0" total="1" passed="1">
  <reporter-output>
  </reporter-output>
  <suite name="Default suite" duration-ms="37200" started-at="2020-08-02T18:54:34 IST" finished-at="2020-08-02T18:55:11 IST">
    <groups>
    </groups>
    <test name="Default test" duration-ms="37200" started-at="2020-08-02T18:54:34 IST" finished-at="2020-08-02T18:55:11 IST">
      <class name="com.hrms.TestScripts.TC_001">
        <test-method status="PASS" signature="login()[pri:0, instance:com.hrms.TestScripts.TC_001@2b2948e2]" name="login" duration-ms="37044" started-at="2020-08-02T18:54:34 IST" finished-at="2020-08-02T18:55:11 IST">
          <reporter-output>
          </reporter-output>
        </test-method> <!-- login -->
      </class> <!-- com.hrms.TestScripts.TC_001 -->
    </test> <!-- Default test -->
  </suite> <!-- Default suite -->
</testng-results>
